<?xml version="1.0" encoding="UTF-8"?>
<testng-results skipped="0" failed="1" ignored="0" total="5" passed="4">
  <reporter-output>
    <line>
      <![CDATA[===== Browser session started=======]]>
    </line>
    <line>
      <![CDATA[===== Browser session Closed=======]]>
    </line>
    <line>
      <![CDATA[===== Browser session started=======]]>
    </line>
    <line>
      <![CDATA[===== Browser session Closed=======]]>
    </line>
    <line>
      <![CDATA[===== Browser session started=======]]>
    </line>
    <line>
      <![CDATA[===== Browser session Closed=======]]>
    </line>
    <line>
      <![CDATA[===== Browser session started=======]]>
    </line>
    <line>
      <![CDATA[===== Browser session Closed=======]]>
    </line>
    <line>
      <![CDATA[===== Browser session started=======]]>
    </line>
    <line>
      <![CDATA[===== Browser session Closed=======]]>
    </line>
  </reporter-output>
  <suite name="Suite" duration-ms="169469" started-at="2019-03-11T13:15:09Z" finished-at="2019-03-11T13:17:58Z">
    <groups>
    </groups>
    <test name="Test" duration-ms="169469" started-at="2019-03-11T13:15:09Z" finished-at="2019-03-11T13:17:58Z">
      <class name="testCase.TestCase">
        <test-method status="PASS" signature="BeforeSuite()[pri:0, instance:testCase.TestCase@204f30ec]" name="BeforeSuite" is-config="true" duration-ms="216" started-at="2019-03-11T13:15:09Z" finished-at="2019-03-11T13:15:09Z">
          <reporter-output>
          </reporter-output>
        </test-method> <!-- BeforeSuite -->
        <test-method status="PASS" signature="BeforeMethod(org.testng.ITestResult, java.lang.String, java.lang.String, java.lang.String, java.lang.String)[pri:0, instance:testCase.TestCase@204f30ec]" name="BeforeMethod" is-config="true" duration-ms="3429" started-at="2019-03-11T13:15:09Z" finished-at="2019-03-11T13:15:12Z">
          <params>
            <param index="0">
              <value>
                <![CDATA[[TestResult name=testCase1 status=SUCCESS method=TestCase.testCase1(java.lang.String, java.lang.String, java.lang.String, java.lang.String)[pri:0, instance:testCase.TestCase@204f30ec] output={null}]]]>
              </value>
            </param>
            <param index="1">
              <value>
                <![CDATA[http://automationpractice.com]]>
              </value>
            </param>
            <param index="2">
              <value>
                <![CDATA[mayurraskar4@gmail.com]]>
              </value>
            </param>
            <param index="3">
              <value>
                <![CDATA[crossworld4]]>
              </value>
            </param>
            <param index="4">
              <value>
                <![CDATA[chrome]]>
              </value>
            </param>
          </params>
          <reporter-output>
            <line>
              <![CDATA[===== Browser session started=======]]>
            </line>
          </reporter-output>
        </test-method> <!-- BeforeMethod -->
        <test-method status="PASS" signature="testCase1(java.lang.String, java.lang.String, java.lang.String, java.lang.String)[pri:0, instance:testCase.TestCase@204f30ec]" name="testCase1" duration-ms="23677" started-at="2019-03-11T13:15:12Z" description="This is just login test case number 1" finished-at="2019-03-11T13:15:36Z">
          <params>
            <param index="0">
              <value>
                <![CDATA[http://automationpractice.com]]>
              </value>
            </param>
            <param index="1">
              <value>
                <![CDATA[mayurraskar4@gmail.com]]>
              </value>
            </param>
            <param index="2">
              <value>
                <![CDATA[crossworld4]]>
              </value>
            </param>
            <param index="3">
              <value>
                <![CDATA[chrome]]>
              </value>
            </param>
          </params>
          <reporter-output>
          </reporter-output>
        </test-method> <!-- testCase1 -->
        <test-method status="PASS" signature="AfterMethod(org.testng.ITestResult)[pri:0, instance:testCase.TestCase@204f30ec]" name="AfterMethod" is-config="true" duration-ms="1173" started-at="2019-03-11T13:15:36Z" finished-at="2019-03-11T13:15:37Z">
          <params>
            <param index="0">
              <value>
                <![CDATA[[TestResult name=testCase1 status=SUCCESS method=TestCase.testCase1(java.lang.String, java.lang.String, java.lang.String, java.lang.String)[pri:0, instance:testCase.TestCase@204f30ec] output={null}]]]>
              </value>
            </param>
          </params>
          <reporter-output>
            <line>
              <![CDATA[===== Browser session Closed=======]]>
            </line>
          </reporter-output>
        </test-method> <!-- AfterMethod -->
        <test-method status="PASS" signature="BeforeMethod(org.testng.ITestResult, java.lang.String, java.lang.String, java.lang.String, java.lang.String)[pri:0, instance:testCase.TestCase@204f30ec]" name="BeforeMethod" is-config="true" duration-ms="2649" started-at="2019-03-11T13:15:37Z" finished-at="2019-03-11T13:15:40Z">
          <params>
            <param index="0">
              <value>
                <![CDATA[[TestResult name=testCase2 status=SUCCESS method=TestCase.testCase2(java.lang.String, java.lang.String, java.lang.String, java.lang.String)[pri:0, instance:testCase.TestCase@204f30ec] output={null}]]]>
              </value>
            </param>
            <param index="1">
              <value>
                <![CDATA[http://automationpractice.com]]>
              </value>
            </param>
            <param index="2">
              <value>
                <![CDATA[mayurraskar4@gmail.com]]>
              </value>
            </param>
            <param index="3">
              <value>
                <![CDATA[crossworld4]]>
              </value>
            </param>
            <param index="4">
              <value>
                <![CDATA[chrome]]>
              </value>
            </param>
          </params>
          <reporter-output>
            <line>
              <![CDATA[===== Browser session started=======]]>
            </line>
          </reporter-output>
        </test-method> <!-- BeforeMethod -->
        <test-method status="PASS" signature="testCase2(java.lang.String, java.lang.String, java.lang.String, java.lang.String)[pri:0, instance:testCase.TestCase@204f30ec]" name="testCase2" duration-ms="33993" started-at="2019-03-11T13:15:40Z" description="This is sigin test case number 2" finished-at="2019-03-11T13:16:14Z">
          <params>
            <param index="0">
              <value>
                <![CDATA[http://automationpractice.com]]>
              </value>
            </param>
            <param index="1">
              <value>
                <![CDATA[mayurraskar4@gmail.com]]>
              </value>
            </param>
            <param index="2">
              <value>
                <![CDATA[crossworld4]]>
              </value>
            </param>
            <param index="3">
              <value>
                <![CDATA[chrome]]>
              </value>
            </param>
          </params>
          <reporter-output>
          </reporter-output>
        </test-method> <!-- testCase2 -->
        <test-method status="PASS" signature="AfterMethod(org.testng.ITestResult)[pri:0, instance:testCase.TestCase@204f30ec]" name="AfterMethod" is-config="true" duration-ms="810" started-at="2019-03-11T13:16:14Z" finished-at="2019-03-11T13:16:15Z">
          <params>
            <param index="0">
              <value>
                <![CDATA[[TestResult name=testCase2 status=SUCCESS method=TestCase.testCase2(java.lang.String, java.lang.String, java.lang.String, java.lang.String)[pri:0, instance:testCase.TestCase@204f30ec] output={null}]]]>
              </value>
            </param>
          </params>
          <reporter-output>
            <line>
              <![CDATA[===== Browser session Closed=======]]>
            </line>
          </reporter-output>
        </test-method> <!-- AfterMethod -->
        <test-method status="PASS" signature="BeforeMethod(org.testng.ITestResult, java.lang.String, java.lang.String, java.lang.String, java.lang.String)[pri:0, instance:testCase.TestCase@204f30ec]" name="BeforeMethod" is-config="true" duration-ms="2494" started-at="2019-03-11T13:16:15Z" finished-at="2019-03-11T13:16:17Z">
          <params>
            <param index="0">
              <value>
                <![CDATA[[TestResult name=testCase3 status=SUCCESS method=TestCase.testCase3(java.lang.String, java.lang.String, java.lang.String, java.lang.String)[pri:0, instance:testCase.TestCase@204f30ec] output={null}]]]>
              </value>
            </param>
            <param index="1">
              <value>
                <![CDATA[http://automationpractice.com]]>
              </value>
            </param>
            <param index="2">
              <value>
                <![CDATA[mayurraskar4@gmail.com]]>
              </value>
            </param>
            <param index="3">
              <value>
                <![CDATA[crossworld4]]>
              </value>
            </param>
            <param index="4">
              <value>
                <![CDATA[chrome]]>
              </value>
            </param>
          </params>
          <reporter-output>
            <line>
              <![CDATA[===== Browser session started=======]]>
            </line>
          </reporter-output>
        </test-method> <!-- BeforeMethod -->
        <test-method status="PASS" signature="testCase3(java.lang.String, java.lang.String, java.lang.String, java.lang.String)[pri:0, instance:testCase.TestCase@204f30ec]" name="testCase3" duration-ms="21669" started-at="2019-03-11T13:16:17Z" description="This is sigin test case number 3" finished-at="2019-03-11T13:16:39Z">
          <params>
            <param index="0">
              <value>
                <![CDATA[http://automationpractice.com]]>
              </value>
            </param>
            <param index="1">
              <value>
                <![CDATA[mayurraskar4@gmail.com]]>
              </value>
            </param>
            <param index="2">
              <value>
                <![CDATA[crossworld4]]>
              </value>
            </param>
            <param index="3">
              <value>
                <![CDATA[chrome]]>
              </value>
            </param>
          </params>
          <reporter-output>
          </reporter-output>
        </test-method> <!-- testCase3 -->
        <test-method status="PASS" signature="AfterMethod(org.testng.ITestResult)[pri:0, instance:testCase.TestCase@204f30ec]" name="AfterMethod" is-config="true" duration-ms="833" started-at="2019-03-11T13:16:39Z" finished-at="2019-03-11T13:16:40Z">
          <params>
            <param index="0">
              <value>
                <![CDATA[[TestResult name=testCase3 status=SUCCESS method=TestCase.testCase3(java.lang.String, java.lang.String, java.lang.String, java.lang.String)[pri:0, instance:testCase.TestCase@204f30ec] output={null}]]]>
              </value>
            </param>
          </params>
          <reporter-output>
            <line>
              <![CDATA[===== Browser session Closed=======]]>
            </line>
          </reporter-output>
        </test-method> <!-- AfterMethod -->
        <test-method status="PASS" signature="BeforeMethod(org.testng.ITestResult, java.lang.String, java.lang.String, java.lang.String, java.lang.String)[pri:0, instance:testCase.TestCase@204f30ec]" name="BeforeMethod" is-config="true" duration-ms="2693" started-at="2019-03-11T13:16:40Z" finished-at="2019-03-11T13:16:42Z">
          <params>
            <param index="0">
              <value>
                <![CDATA[[TestResult name=testCase4 status=SUCCESS method=TestCase.testCase4(java.lang.String, java.lang.String, java.lang.String, java.lang.String)[pri:0, instance:testCase.TestCase@204f30ec] output={null}]]]>
              </value>
            </param>
            <param index="1">
              <value>
                <![CDATA[http://automationpractice.com]]>
              </value>
            </param>
            <param index="2">
              <value>
                <![CDATA[mayurraskar4@gmail.com]]>
              </value>
            </param>
            <param index="3">
              <value>
                <![CDATA[crossworld4]]>
              </value>
            </param>
            <param index="4">
              <value>
                <![CDATA[chrome]]>
              </value>
            </param>
          </params>
          <reporter-output>
            <line>
              <![CDATA[===== Browser session started=======]]>
            </line>
          </reporter-output>
        </test-method> <!-- BeforeMethod -->
        <test-method status="PASS" signature="testCase4(java.lang.String, java.lang.String, java.lang.String, java.lang.String)[pri:0, instance:testCase.TestCase@204f30ec]" name="testCase4" duration-ms="29657" started-at="2019-03-11T13:16:42Z" description="This is sigin test case number 4" finished-at="2019-03-11T13:17:12Z">
          <params>
            <param index="0">
              <value>
                <![CDATA[http://automationpractice.com]]>
              </value>
            </param>
            <param index="1">
              <value>
                <![CDATA[mayurraskar4@gmail.com]]>
              </value>
            </param>
            <param index="2">
              <value>
                <![CDATA[crossworld4]]>
              </value>
            </param>
            <param index="3">
              <value>
                <![CDATA[chrome]]>
              </value>
            </param>
          </params>
          <reporter-output>
          </reporter-output>
        </test-method> <!-- testCase4 -->
        <test-method status="PASS" signature="AfterMethod(org.testng.ITestResult)[pri:0, instance:testCase.TestCase@204f30ec]" name="AfterMethod" is-config="true" duration-ms="811" started-at="2019-03-11T13:17:12Z" finished-at="2019-03-11T13:17:13Z">
          <params>
            <param index="0">
              <value>
                <![CDATA[[TestResult name=testCase4 status=SUCCESS method=TestCase.testCase4(java.lang.String, java.lang.String, java.lang.String, java.lang.String)[pri:0, instance:testCase.TestCase@204f30ec] output={null}]]]>
              </value>
            </param>
          </params>
          <reporter-output>
            <line>
              <![CDATA[===== Browser session Closed=======]]>
            </line>
          </reporter-output>
        </test-method> <!-- AfterMethod -->
        <test-method status="PASS" signature="BeforeMethod(org.testng.ITestResult, java.lang.String, java.lang.String, java.lang.String, java.lang.String)[pri:0, instance:testCase.TestCase@204f30ec]" name="BeforeMethod" is-config="true" duration-ms="2653" started-at="2019-03-11T13:17:13Z" finished-at="2019-03-11T13:17:16Z">
          <params>
            <param index="0">
              <value>
                <![CDATA[[TestResult name=testCase5 status=FAILURE method=TestCase.testCase5()[pri:0, instance:testCase.TestCase@204f30ec] output={null}]]]>
              </value>
            </param>
            <param index="1">
              <value>
                <![CDATA[http://automationpractice.com]]>
              </value>
            </param>
            <param index="2">
              <value>
                <![CDATA[mayurraskar4@gmail.com]]>
              </value>
            </param>
            <param index="3">
              <value>
                <![CDATA[crossworld4]]>
              </value>
            </param>
            <param index="4">
              <value>
                <![CDATA[chrome]]>
              </value>
            </param>
          </params>
          <reporter-output>
            <line>
              <![CDATA[===== Browser session started=======]]>
            </line>
          </reporter-output>
        </test-method> <!-- BeforeMethod -->
        <test-method status="FAIL" signature="testCase5()[pri:0, instance:testCase.TestCase@204f30ec]" name="testCase5" duration-ms="42041" started-at="2019-03-11T13:17:16Z" description="This is end to end test case number 5" finished-at="2019-03-11T13:17:58Z">
          <exception class="org.openqa.selenium.WebDriverException">
            <message>
              <![CDATA[unknown error: Element <a class="btn btn-default button button-medium" href="http://automationpractice.com/index.php?controller=order" title="Proceed to checkout" rel="nofollow">...</a> is not clickable at point (1132, 394). Other element would receive the click: <iframe id="fancybox-frame1552310272763" name="fancybox-frame1552310272763" class="fancybox-iframe" frameborder="0" vspace="0" hspace="0" webkitallowfullscreen="" mozallowfullscreen="" allowfullscreen="" scrolling="auto" src="http://automationpractice.com/index.php?id_product=7&amp;controller=product&amp;content_only=1" cd_frame_id_="b72879a07ed22c365d13d0e685a43ebf"></iframe>
  (Session info: chrome=72.0.3626.121)
  (Driver info: chromedriver=2.45.615291 (ec3682e3c9061c10f26ea9e5cdcf3c53f3f74387),platform=Windows NT 10.0.16299 x86_64) (WARNING: The server did not provide any stacktrace information)
Command duration or timeout: 0 milliseconds
Build info: version: '3.141.59', revision: 'e82be7d358', time: '2018-11-14T08:25:53'
System info: host: 'XIPLRAC036', ip: '172.26.21.124', os.name: 'Windows 10', os.arch: 'amd64', os.version: '10.0', java.version: '1.8.0_202'
Driver info: org.openqa.selenium.chrome.ChromeDriver
Capabilities {acceptInsecureCerts: false, acceptSslCerts: false, applicationCacheEnabled: false, browserConnectionEnabled: false, browserName: chrome, chrome: {chromedriverVersion: 2.45.615291 (ec3682e3c9061c..., userDataDir: C:\Users\mayurr\AppData\Loc...}, cssSelectorsEnabled: true, databaseEnabled: false, goog:chromeOptions: {debuggerAddress: localhost:59129}, handlesAlerts: true, hasTouchScreen: false, javascriptEnabled: true, locationContextEnabled: true, mobileEmulationEnabled: false, nativeEvents: true, networkConnectionEnabled: false, pageLoadStrategy: normal, platform: XP, platformName: XP, proxy: Proxy(), rotatable: false, setWindowRect: true, strictFileInteractability: false, takesHeapSnapshot: true, takesScreenshot: true, timeouts: {implicit: 0, pageLoad: 300000, script: 30000}, unexpectedAlertBehaviour: ignore, unhandledPromptBehavior: ignore, version: 72.0.3626.121, webStorageEnabled: true}
Session ID: 761476132b44009fd309da155e519504]]>
            </message>
            <full-stacktrace>
              <![CDATA[org.openqa.selenium.WebDriverException: unknown error: Element <a class="btn btn-default button button-medium" href="http://automationpractice.com/index.php?controller=order" title="Proceed to checkout" rel="nofollow">...</a> is not clickable at point (1132, 394). Other element would receive the click: <iframe id="fancybox-frame1552310272763" name="fancybox-frame1552310272763" class="fancybox-iframe" frameborder="0" vspace="0" hspace="0" webkitallowfullscreen="" mozallowfullscreen="" allowfullscreen="" scrolling="auto" src="http://automationpractice.com/index.php?id_product=7&amp;controller=product&amp;content_only=1" cd_frame_id_="b72879a07ed22c365d13d0e685a43ebf"></iframe>
  (Session info: chrome=72.0.3626.121)
  (Driver info: chromedriver=2.45.615291 (ec3682e3c9061c10f26ea9e5cdcf3c53f3f74387),platform=Windows NT 10.0.16299 x86_64) (WARNING: The server did not provide any stacktrace information)
Command duration or timeout: 0 milliseconds
Build info: version: '3.141.59', revision: 'e82be7d358', time: '2018-11-14T08:25:53'
System info: host: 'XIPLRAC036', ip: '172.26.21.124', os.name: 'Windows 10', os.arch: 'amd64', os.version: '10.0', java.version: '1.8.0_202'
Driver info: org.openqa.selenium.chrome.ChromeDriver
Capabilities {acceptInsecureCerts: false, acceptSslCerts: false, applicationCacheEnabled: false, browserConnectionEnabled: false, browserName: chrome, chrome: {chromedriverVersion: 2.45.615291 (ec3682e3c9061c..., userDataDir: C:\Users\mayurr\AppData\Loc...}, cssSelectorsEnabled: true, databaseEnabled: false, goog:chromeOptions: {debuggerAddress: localhost:59129}, handlesAlerts: true, hasTouchScreen: false, javascriptEnabled: true, locationContextEnabled: true, mobileEmulationEnabled: false, nativeEvents: true, networkConnectionEnabled: false, pageLoadStrategy: normal, platform: XP, platformName: XP, proxy: Proxy(), rotatable: false, setWindowRect: true, strictFileInteractability: false, takesHeapSnapshot: true, takesScreenshot: true, timeouts: {implicit: 0, pageLoad: 300000, script: 30000}, unexpectedAlertBehaviour: ignore, unhandledPromptBehavior: ignore, version: 72.0.3626.121, webStorageEnabled: true}
Session ID: 761476132b44009fd309da155e519504
at sun.reflect.NativeConstructorAccessorImpl.newInstance0(Native Method)
at sun.reflect.NativeConstructorAccessorImpl.newInstance(Unknown Source)
at sun.reflect.DelegatingConstructorAccessorImpl.newInstance(Unknown Source)
at java.lang.reflect.Constructor.newInstance(Unknown Source)
at org.openqa.selenium.remote.ErrorHandler.createThrowable(ErrorHandler.java:214)
at org.openqa.selenium.remote.ErrorHandler.throwIfResponseFailed(ErrorHandler.java:166)
at org.openqa.selenium.remote.http.JsonHttpResponseCodec.reconstructValue(JsonHttpResponseCodec.java:40)
at org.openqa.selenium.remote.http.AbstractHttpResponseCodec.decode(AbstractHttpResponseCodec.java:80)
at org.openqa.selenium.remote.http.AbstractHttpResponseCodec.decode(AbstractHttpResponseCodec.java:44)
at org.openqa.selenium.remote.HttpCommandExecutor.execute(HttpCommandExecutor.java:158)
at org.openqa.selenium.remote.service.DriverCommandExecutor.execute(DriverCommandExecutor.java:83)
at org.openqa.selenium.remote.RemoteWebDriver.execute(RemoteWebDriver.java:552)
at org.openqa.selenium.remote.RemoteWebElement.execute(RemoteWebElement.java:285)
at org.openqa.selenium.remote.RemoteWebElement.click(RemoteWebElement.java:84)
at testCase.TestCase.testCase5(TestCase.java:173)
at sun.reflect.NativeMethodAccessorImpl.invoke0(Native Method)
at sun.reflect.NativeMethodAccessorImpl.invoke(Unknown Source)
at sun.reflect.DelegatingMethodAccessorImpl.invoke(Unknown Source)
at java.lang.reflect.Method.invoke(Unknown Source)
at org.testng.internal.MethodInvocationHelper.invokeMethod(MethodInvocationHelper.java:124)
at org.testng.internal.Invoker.invokeMethod(Invoker.java:580)
at org.testng.internal.Invoker.invokeTestMethod(Invoker.java:716)
at org.testng.internal.Invoker.invokeTestMethods(Invoker.java:988)
at org.testng.internal.TestMethodWorker.invokeTestMethods(TestMethodWorker.java:125)
at org.testng.internal.TestMethodWorker.run(TestMethodWorker.java:109)
at org.testng.TestRunner.privateRun(TestRunner.java:648)
at org.testng.TestRunner.run(TestRunner.java:505)
at org.testng.SuiteRunner.runTest(SuiteRunner.java:455)
at org.testng.SuiteRunner.runSequentially(SuiteRunner.java:450)
at org.testng.SuiteRunner.privateRun(SuiteRunner.java:415)
at org.testng.SuiteRunner.run(SuiteRunner.java:364)
at org.testng.SuiteRunnerWorker.runSuite(SuiteRunnerWorker.java:52)
at org.testng.SuiteRunnerWorker.run(SuiteRunnerWorker.java:84)
at org.testng.TestNG.runSuitesSequentially(TestNG.java:1208)
at org.testng.TestNG.runSuitesLocally(TestNG.java:1137)
at org.testng.TestNG.runSuites(TestNG.java:1049)
at org.testng.TestNG.run(TestNG.java:1017)
at org.testng.remote.AbstractRemoteTestNG.run(AbstractRemoteTestNG.java:114)
at org.testng.remote.RemoteTestNG.initAndRun(RemoteTestNG.java:251)
at org.testng.remote.RemoteTestNG.main(RemoteTestNG.java:77)
]]>
            </full-stacktrace>
          </exception> <!-- org.openqa.selenium.WebDriverException -->
          <reporter-output>
          </reporter-output>
        </test-method> <!-- testCase5 -->
        <test-method status="PASS" signature="AfterMethod(org.testng.ITestResult)[pri:0, instance:testCase.TestCase@204f30ec]" name="AfterMethod" is-config="true" duration-ms="850" started-at="2019-03-11T13:17:58Z" finished-at="2019-03-11T13:17:58Z">
          <params>
            <param index="0">
              <value>
                <![CDATA[[TestResult name=testCase5 status=FAILURE method=TestCase.testCase5()[pri:0, instance:testCase.TestCase@204f30ec] output={null}]]]>
              </value>
            </param>
          </params>
          <reporter-output>
            <line>
              <![CDATA[===== Browser session Closed=======]]>
            </line>
          </reporter-output>
        </test-method> <!-- AfterMethod -->
      </class> <!-- testCase.TestCase -->
    </test> <!-- Test -->
  </suite> <!-- Suite -->
</testng-results>
